#
# A fatal error has been detected by the Java Runtime Environment:
#
#  SIGSEGV (0xb) at pc=0xb49a2b2f, pid=21171, tid=3077487472
#
# JRE version: 6.0_24-b24
# Java VM: OpenJDK Server VM (20.0-b12 mixed mode linux-x86 )
# Derivative: IcedTea6 1.11.5
# Distribution: Ubuntu 11.10, package 6b24-1.11.5-0ubuntu1~11.10.1
# Problematic frame:
# J  org.mozilla.javascript.Parser.memberExprTail(ZLorg/mozilla/javascript/Node;)Lorg/mozilla/javascript/Node;
#
# If you would like to submit a bug report, please include
# instructions how to reproduce the bug and visit:
#   https://bugs.launchpad.net/ubuntu/+source/openjdk-6/
#

---------------  T H R E A D  ---------------

Current thread (0x08bf4000):  JavaThread "main" [_thread_in_Java, id=21172, stack(0xb769b000,0xb76ec000)]

siginfo:si_signo=SIGSEGV: si_errno=0, si_code=128 (), si_addr=0x00000000

Registers:
EAX=0x8de4c9c0, EBX=0x00000000, ECX=0xab7adbc8, EDX=0x00000001
ESP=0xb76e6cb0, EBP=0xb76e6d38, ESI=0xac32ec80, EDI=0xb49a2a6c
EIP=0xb49a2b2f, EFLAGS=0x00210246, CR2=0x00000004

Top of Stack: (sp=0xb76e6cb0)
0xb76e6cb0:   00000001 ac32eca0 ac32ec80 08bf4000
0xb76e6cc0:   00000001 ab7adbc8 00000000 8de4d011
0xb76e6cd0:   b76e6d14 8de544e8 8debf428 8de4d2e0
0xb76e6ce0:   00000000 b76e6d14 b76e6d38 b469e047
0xb76e6cf0:   00000000 00000000 b76e6d38 b469e047
0xb76e6d00:   ac32ec80 ac32ebc8 b469e047 ac32ec80
0xb76e6d10:   00000001 ab7adbc8 b76e6d18 8de4c6a0
0xb76e6d20:   b76e6d4c 8de544e8 8debfcfc 8de4c700 

Instructions: (pc=0xb49a2b2f)
0xb49a2b0f:   80 c1 02 8c 00 85 3d 00 10 70 b7 8b 5c 24 18 89
0xb49a2b1f:   5c 24 50 8b 4c 24 14 8b 59 08 89 5c 24 18 85 db
0xb49a2b2f:   0f 84 cb 0a 00 00 8b 5c 24 14 8b 4b 34 89 4c 24
0xb49a2b3f:   1c 8b 4c 24 18 81 e1 ff ff 00 00 89 4c 24 20 83 

Register to memory mapping:

EAX=0x8de4c9c0 is an oop
{method} 
 - klass: {other class}
EBX=0x00000000 is an unknown value
ECX=0xab7adbc8 is an oop
org.mozilla.javascript.Parser 
 - klass: 'org/mozilla/javascript/Parser'
EDX=0x00000001 is an unknown value
ESP=0xb76e6cb0 is pointing into the stack for thread: 0x08bf4000
EBP=0xb76e6d38 is pointing into the stack for thread: 0x08bf4000
ESI=0xac32ec80 is an oop
org.mozilla.javascript.Node 
 - klass: 'org/mozilla/javascript/Node'
EDI=0xb49a2308 [CodeBlob (0xb49a2308)]
Framesize: 20


Stack: [0xb769b000,0xb76ec000],  sp=0xb76e6cb0,  free space=303k
Native frames: (J=compiled Java code, j=interpreted, Vv=VM code, C=native code)
J  org.mozilla.javascript.Parser.memberExprTail(ZLorg/mozilla/javascript/Node;)Lorg/mozilla/javascript/Node;
j  org.mozilla.javascript.Parser.unaryExpr()Lorg/mozilla/javascript/Node;+272
j  org.mozilla.javascript.Parser.mulExpr()Lorg/mozilla/javascript/Node;+1
j  org.mozilla.javascript.Parser.addExpr()Lorg/mozilla/javascript/Node;+1
j  org.mozilla.javascript.Parser.shiftExpr()Lorg/mozilla/javascript/Node;+1
j  org.mozilla.javascript.Parser.relExpr(Z)Lorg/mozilla/javascript/Node;+1
j  org.mozilla.javascript.Parser.eqExpr(Z)Lorg/mozilla/javascript/Node;+2
j  org.mozilla.javascript.Parser.bitAndExpr(Z)Lorg/mozilla/javascript/Node;+2
j  org.mozilla.javascript.Parser.bitXorExpr(Z)Lorg/mozilla/javascript/Node;+2
j  org.mozilla.javascript.Parser.bitOrExpr(Z)Lorg/mozilla/javascript/Node;+2
j  org.mozilla.javascript.Parser.andExpr(Z)Lorg/mozilla/javascript/Node;+2
j  org.mozilla.javascript.Parser.orExpr(Z)Lorg/mozilla/javascript/Node;+2
j  org.mozilla.javascript.Parser.condExpr(Z)Lorg/mozilla/javascript/Node;+2
j  org.mozilla.javascript.Parser.assignExpr(Z)Lorg/mozilla/javascript/Node;+2
j  org.mozilla.javascript.Parser.assignExpr(Z)Lorg/mozilla/javascript/Node;+43
j  org.mozilla.javascript.Parser.expr(Z)Lorg/mozilla/javascript/Node;+2
j  org.mozilla.javascript.Parser.statementHelper(Lorg/mozilla/javascript/Node;)Lorg/mozilla/javascript/Node;+2375
j  org.mozilla.javascript.Parser.statement()Lorg/mozilla/javascript/Node;+2
j  org.mozilla.javascript.Parser.statements()Lorg/mozilla/javascript/Node;+36
j  org.mozilla.javascript.Parser.statementHelper(Lorg/mozilla/javascript/Node;)Lorg/mozilla/javascript/Node;+2143
j  org.mozilla.javascript.Parser.statement()Lorg/mozilla/javascript/Node;+2
j  org.mozilla.javascript.Parser.statementHelper(Lorg/mozilla/javascript/Node;)Lorg/mozilla/javascript/Node;+210
j  org.mozilla.javascript.Parser.statement()Lorg/mozilla/javascript/Node;+2
j  org.mozilla.javascript.Parser.parseFunctionBody()Lorg/mozilla/javascript/Node;+89
j  org.mozilla.javascript.Parser.function(I)Lorg/mozilla/javascript/Node;+403
j  org.mozilla.javascript.Parser.primaryExpr()Lorg/mozilla/javascript/Node;+158
j  org.mozilla.javascript.Parser.memberExpr(Z)Lorg/mozilla/javascript/Node;+89
j  org.mozilla.javascript.Parser.unaryExpr()Lorg/mozilla/javascript/Node;+272
j  org.mozilla.javascript.Parser.mulExpr()Lorg/mozilla/javascript/Node;+1
j  org.mozilla.javascript.Parser.addExpr()Lorg/mozilla/javascript/Node;+1
j  org.mozilla.javascript.Parser.shiftExpr()Lorg/mozilla/javascript/Node;+1
j  org.mozilla.javascript.Parser.relExpr(Z)Lorg/mozilla/javascript/Node;+1
j  org.mozilla.javascript.Parser.eqExpr(Z)Lorg/mozilla/javascript/Node;+2
j  org.mozilla.javascript.Parser.bitAndExpr(Z)Lorg/mozilla/javascript/Node;+2
j  org.mozilla.javascript.Parser.bitXorExpr(Z)Lorg/mozilla/javascript/Node;+2
j  org.mozilla.javascript.Parser.bitOrExpr(Z)Lorg/mozilla/javascript/Node;+2
j  org.mozilla.javascript.Parser.andExpr(Z)Lorg/mozilla/javascript/Node;+2
j  org.mozilla.javascript.Parser.orExpr(Z)Lorg/mozilla/javascript/Node;+2
j  org.mozilla.javascript.Parser.condExpr(Z)Lorg/mozilla/javascript/Node;+2
j  org.mozilla.javascript.Parser.assignExpr(Z)Lorg/mozilla/javascript/Node;+2
j  org.mozilla.javascript.Parser.plainProperty(Lorg/mozilla/javascript/ObjArray;Ljava/lang/Object;)V+26
j  org.mozilla.javascript.Parser.primaryExpr()Lorg/mozilla/javascript/Node;+596
j  org.mozilla.javascript.Parser.memberExpr(Z)Lorg/mozilla/javascript/Node;+89
j  org.mozilla.javascript.Parser.unaryExpr()Lorg/mozilla/javascript/Node;+272
j  org.mozilla.javascript.Parser.mulExpr()Lorg/mozilla/javascript/Node;+1
j  org.mozilla.javascript.Parser.addExpr()Lorg/mozilla/javascript/Node;+1
j  org.mozilla.javascript.Parser.shiftExpr()Lorg/mozilla/javascript/Node;+1
j  org.mozilla.javascript.Parser.relExpr(Z)Lorg/mozilla/javascript/Node;+1
j  org.mozilla.javascript.Parser.eqExpr(Z)Lorg/mozilla/javascript/Node;+2
j  org.mozilla.javascript.Parser.bitAndExpr(Z)Lorg/mozilla/javascript/Node;+2
j  org.mozilla.javascript.Parser.bitXorExpr(Z)Lorg/mozilla/javascript/Node;+2
j  org.mozilla.javascript.Parser.bitOrExpr(Z)Lorg/mozilla/javascript/Node;+2
j  org.mozilla.javascript.Parser.andExpr(Z)Lorg/mozilla/javascript/Node;+2
j  org.mozilla.javascript.Parser.orExpr(Z)Lorg/mozilla/javascript/Node;+2
j  org.mozilla.javascript.Parser.condExpr(Z)Lorg/mozilla/javascript/Node;+2
j  org.mozilla.javascript.Parser.assignExpr(Z)Lorg/mozilla/javascript/Node;+2
j  org.mozilla.javascript.Parser.argumentList(Lorg/mozilla/javascript/Node;)V+35
j  org.mozilla.javascript.Parser.memberExprTail(ZLorg/mozilla/javascript/Node;)Lorg/mozilla/javascript/Node;+407
j  org.mozilla.javascript.Parser.memberExpr(Z)Lorg/mozilla/javascript/Node;+96
j  org.mozilla.javascript.Parser.unaryExpr()Lorg/mozilla/javascript/Node;+272
j  org.mozilla.javascript.Parser.mulExpr()Lorg/mozilla/javascript/Node;+1
j  org.mozilla.javascript.Parser.addExpr()Lorg/mozilla/javascript/Node;+1
j  org.mozilla.javascript.Parser.shiftExpr()Lorg/mozilla/javascript/Node;+1
j  org.mozilla.javascript.Parser.relExpr(Z)Lorg/mozilla/javascript/Node;+1
j  org.mozilla.javascript.Parser.eqExpr(Z)Lorg/mozilla/javascript/Node;+2
j  org.mozilla.javascript.Parser.bitAndExpr(Z)Lorg/mozilla/javascript/Node;+2
j  org.mozilla.javascript.Parser.bitXorExpr(Z)Lorg/mozilla/javascript/Node;+2
j  org.mozilla.javascript.Parser.bitOrExpr(Z)Lorg/mozilla/javascript/Node;+2
j  org.mozilla.javascript.Parser.andExpr(Z)Lorg/mozilla/javascript/Node;+2
j  org.mozilla.javascript.Parser.orExpr(Z)Lorg/mozilla/javascript/Node;+2
j  org.mozilla.javascript.Parser.condExpr(Z)Lorg/mozilla/javascript/Node;+2
j  org.mozilla.javascript.Parser.assignExpr(Z)Lorg/mozilla/javascript/Node;+2
j  org.mozilla.javascript.Parser.expr(Z)Lorg/mozilla/javascript/Node;+2
j  org.mozilla.javascript.Parser.statementHelper(Lorg/mozilla/javascript/Node;)Lorg/mozilla/javascript/Node;+2375
j  org.mozilla.javascript.Parser.statement()Lorg/mozilla/javascript/Node;+2
j  org.mozilla.javascript.Parser.parse()Lorg/mozilla/javascript/ScriptOrFnNode;+138
j  org.mozilla.javascript.Parser.parse(Ljava/io/Reader;Ljava/lang/String;I)Lorg/mozilla/javascript/ScriptOrFnNode;+21
j  com.yahoo.platform.yui.compressor.JavaScriptCompressor.parse(Ljava/io/Reader;Lorg/mozilla/javascript/ErrorReporter;)Ljava/util/ArrayList;+22
j  com.yahoo.platform.yui.compressor.JavaScriptCompressor.<init>(Ljava/io/Reader;Lorg/mozilla/javascript/ErrorReporter;)V+47
v  ~StubRoutines::call_stub
V  [libjvm.so+0x39b1c6]  JavaCalls::call_helper(JavaValue*, methodHandle*, JavaCallArguments*, Thread*)+0x2c6


---------------  P R O C E S S  ---------------

Java Threads: ( => current thread )
  0x08c96400 JavaThread "Low Memory Detector" daemon [_thread_blocked, id=21181, stack(0x8bb16000,0x8bb67000)]
  0x08c94800 JavaThread "C2 CompilerThread1" daemon [_thread_in_native, id=21180, stack(0x8bb67000,0x8bbe8000)]
  0x08c92800 JavaThread "C2 CompilerThread0" daemon [_thread_in_native, id=21179, stack(0x8bbe8000,0x8bc69000)]
  0x08c91000 JavaThread "Signal Dispatcher" daemon [_thread_blocked, id=21178, stack(0x8c200000,0x8c251000)]
  0x08c81400 JavaThread "Finalizer" daemon [_thread_blocked, id=21177, stack(0x8c251000,0x8c2a2000)]
  0x08c7c800 JavaThread "Reference Handler" daemon [_thread_blocked, id=21176, stack(0x8be69000,0x8beba000)]
=>0x08bf4000 JavaThread "main" [_thread_in_Java, id=21172, stack(0xb769b000,0xb76ec000)]

Other Threads:
  0x08c78c00 VMThread [stack: 0x8beba000,0x8bf3b000] [id=21175]
  0x08c98400 WatcherThread [stack: 0x8ba95000,0x8bb16000] [id=21182]

VM state:not at safepoint (normal execution)

VM Mutex/Monitor currently owned by a thread: None

Heap
 PSYoungGen      total 151488K, used 47968K [0xa9b30000, 0xb45d0000, 0xb45d0000)
  eden space 129216K, 32% used [0xa9b30000,0xac407cd0,0xb1960000)
  from space 22272K, 27% used [0xb2e70000,0xb34706e0,0xb4430000)
  to   space 21568K, 0% used [0xb1960000,0xb1960000,0xb2e70000)
 PSOldGen        total 87424K, used 40366K [0x945d0000, 0x99b30000, 0xa9b30000)
  object space 87424K, 46% used [0x945d0000,0x96d3b958,0x99b30000)
 PSPermGen       total 25600K, used 25551K [0x8c5d0000, 0x8ded0000, 0x945d0000)
  object space 25600K, 99% used [0x8c5d0000,0x8dec3f80,0x8ded0000)

Code Cache  [0xb469b000, 0xb49d3000, 0xb769b000)
 total_blobs=1000 nmethods=869 adapters=85 free_code_cache=47024256 largest_free_block=12352

Dynamic libraries:
00110000-0028c000 r-xp 00000000 08:05 2897192    /lib/i386-linux-gnu/libc-2.13.so
0028c000-0028e000 r--p 0017c000 08:05 2897192    /lib/i386-linux-gnu/libc-2.13.so
0028e000-0028f000 rw-p 0017e000 08:05 2897192    /lib/i386-linux-gnu/libc-2.13.so
0028f000-00292000 rw-p 00000000 00:00 0 
00292000-002b8000 r-xp 00000000 08:05 4333260    /usr/lib/jvm/java-6-openjdk/jre/lib/i386/libjava.so
002b8000-002b9000 r--p 00025000 08:05 4333260    /usr/lib/jvm/java-6-openjdk/jre/lib/i386/libjava.so
002b9000-002bb000 rw-p 00026000 08:05 4333260    /usr/lib/jvm/java-6-openjdk/jre/lib/i386/libjava.so
002bb000-002c5000 r-xp 00000000 08:05 2898385    /lib/i386-linux-gnu/libnss_nis-2.13.so
002c5000-002c6000 r--p 00009000 08:05 2898385    /lib/i386-linux-gnu/libnss_nis-2.13.so
002c6000-002c7000 rw-p 0000a000 08:05 2898385    /lib/i386-linux-gnu/libnss_nis-2.13.so
002c7000-002d2000 r-xp 00000000 08:05 2898398    /lib/i386-linux-gnu/libnss_files-2.13.so
002d2000-002d3000 r--p 0000a000 08:05 2898398    /lib/i386-linux-gnu/libnss_files-2.13.so
002d3000-002d4000 rw-p 0000b000 08:05 2898398    /lib/i386-linux-gnu/libnss_files-2.13.so
002d4000-002db000 r-xp 00000000 08:05 4333227    /usr/lib/jvm/java-6-openjdk/jre/lib/i386/libzip.so
002db000-002dc000 r--p 00006000 08:05 4333227    /usr/lib/jvm/java-6-openjdk/jre/lib/i386/libzip.so
002dc000-002dd000 rw-p 00007000 08:05 4333227    /usr/lib/jvm/java-6-openjdk/jre/lib/i386/libzip.so
002dd000-002de000 r-xp 00000000 08:05 1968867    /tmp/libjansi-32-1.9.so
002de000-002df000 rw-p 00000000 08:05 1968867    /tmp/libjansi-32-1.9.so
002df000-002e7000 r-xp 00000000 08:05 4333228    /usr/lib/jvm/java-6-openjdk/jre/lib/i386/libnio.so
002e7000-002e8000 r--p 00007000 08:05 4333228    /usr/lib/jvm/java-6-openjdk/jre/lib/i386/libnio.so
002e8000-002e9000 rw-p 00008000 08:05 4333228    /usr/lib/jvm/java-6-openjdk/jre/lib/i386/libnio.so
003b0000-003b8000 r-xp 00000000 08:05 2898386    /lib/i386-linux-gnu/libnss_compat-2.13.so
003b8000-003b9000 r--p 00007000 08:05 2898386    /lib/i386-linux-gnu/libnss_compat-2.13.so
003b9000-003ba000 rw-p 00008000 08:05 2898386    /lib/i386-linux-gnu/libnss_compat-2.13.so
004d2000-004d9000 r-xp 00000000 08:05 2897194    /lib/i386-linux-gnu/librt-2.13.so
004d9000-004da000 r--p 00006000 08:05 2897194    /lib/i386-linux-gnu/librt-2.13.so
004da000-004db000 rw-p 00007000 08:05 2897194    /lib/i386-linux-gnu/librt-2.13.so
00623000-00701000 r-xp 00000000 08:05 4070077    /usr/lib/i386-linux-gnu/libstdc++.so.6.0.16
00701000-00702000 ---p 000de000 08:05 4070077    /usr/lib/i386-linux-gnu/libstdc++.so.6.0.16
00702000-00706000 r--p 000de000 08:05 4070077    /usr/lib/i386-linux-gnu/libstdc++.so.6.0.16
00706000-00707000 rw-p 000e2000 08:05 4070077    /usr/lib/i386-linux-gnu/libstdc++.so.6.0.16
00707000-0070e000 rw-p 00000000 00:00 0 
007f3000-00806000 r-xp 00000000 08:05 2884500    /lib/i386-linux-gnu/libz.so.1.2.3.4
00806000-00807000 r--p 00012000 08:05 2884500    /lib/i386-linux-gnu/libz.so.1.2.3.4
00807000-00808000 rw-p 00013000 08:05 2884500    /lib/i386-linux-gnu/libz.so.1.2.3.4
0080f000-00810000 r-xp 00000000 00:00 0          [vdso]
00848000-00864000 r-xp 00000000 08:05 2887622    /lib/i386-linux-gnu/libgcc_s.so.1
00864000-00865000 r--p 0001b000 08:05 2887622    /lib/i386-linux-gnu/libgcc_s.so.1
00865000-00866000 rw-p 0001c000 08:05 2887622    /lib/i386-linux-gnu/libgcc_s.so.1
008f8000-00916000 r-xp 00000000 08:05 2898396    /lib/i386-linux-gnu/ld-2.13.so
00916000-00917000 r--p 0001d000 08:05 2898396    /lib/i386-linux-gnu/ld-2.13.so
00917000-00918000 rw-p 0001e000 08:05 2898396    /lib/i386-linux-gnu/ld-2.13.so
0092c000-00937000 r-xp 00000000 08:05 4333240    /usr/lib/jvm/java-6-openjdk/jre/lib/i386/libverify.so
00937000-00938000 ---p 0000b000 08:05 4333240    /usr/lib/jvm/java-6-openjdk/jre/lib/i386/libverify.so
00938000-00939000 r--p 0000b000 08:05 4333240    /usr/lib/jvm/java-6-openjdk/jre/lib/i386/libverify.so
00939000-0093a000 rw-p 0000c000 08:05 4333240    /usr/lib/jvm/java-6-openjdk/jre/lib/i386/libverify.so
00a17000-00a2e000 r-xp 00000000 08:05 2898391    /lib/i386-linux-gnu/libpthread-2.13.so
00a2e000-00a2f000 r--p 00016000 08:05 2898391    /lib/i386-linux-gnu/libpthread-2.13.so
00a2f000-00a30000 rw-p 00017000 08:05 2898391    /lib/i386-linux-gnu/libpthread-2.13.so
00a30000-00a32000 rw-p 00000000 00:00 0 
00b9c000-00bc4000 r-xp 00000000 08:05 2898395    /lib/i386-linux-gnu/libm-2.13.so
00bc4000-00bc5000 r--p 00028000 08:05 2898395    /lib/i386-linux-gnu/libm-2.13.so
00bc5000-00bc6000 rw-p 00029000 08:05 2898395    /lib/i386-linux-gnu/libm-2.13.so
00c50000-00c65000 r-xp 00000000 08:05 4333251    /usr/lib/jvm/java-6-openjdk/jre/lib/i386/libnet.so
00c65000-00c66000 r--p 00014000 08:05 4333251    /usr/lib/jvm/java-6-openjdk/jre/lib/i386/libnet.so
00c66000-00c67000 rw-p 00015000 08:05 4333251    /usr/lib/jvm/java-6-openjdk/jre/lib/i386/libnet.so
00d45000-00d5a000 r-xp 00000000 08:05 2898382    /lib/i386-linux-gnu/libnsl-2.13.so
00d5a000-00d5b000 r--p 00015000 08:05 2898382    /lib/i386-linux-gnu/libnsl-2.13.so
00d5b000-00d5c000 rw-p 00016000 08:05 2898382    /lib/i386-linux-gnu/libnsl-2.13.so
00d5c000-00d5e000 rw-p 00000000 00:00 0 
00df8000-00dfc000 r-xp 00000000 08:05 4333254    /usr/lib/jvm/java-6-openjdk/jre/lib/i386/jli/libjli.so
00dfc000-00dfd000 r--p 00003000 08:05 4333254    /usr/lib/jvm/java-6-openjdk/jre/lib/i386/jli/libjli.so
00dfd000-00dfe000 rw-p 00004000 08:05 4333254    /usr/lib/jvm/java-6-openjdk/jre/lib/i386/jli/libjli.so
00e88000-00e8b000 r-xp 00000000 08:05 2898393    /lib/i386-linux-gnu/libdl-2.13.so
00e8b000-00e8c000 r--p 00002000 08:05 2898393    /lib/i386-linux-gnu/libdl-2.13.so
00e8c000-00e8d000 rw-p 00003000 08:05 2898393    /lib/i386-linux-gnu/libdl-2.13.so
00e8d000-016ad000 r-xp 00000000 08:05 4333232    /usr/lib/jvm/java-6-openjdk/jre/lib/i386/server/libjvm.so
016ad000-016f2000 r--p 0081f000 08:05 4333232    /usr/lib/jvm/java-6-openjdk/jre/lib/i386/server/libjvm.so
016f2000-01701000 rw-p 00864000 08:05 4333232    /usr/lib/jvm/java-6-openjdk/jre/lib/i386/server/libjvm.so
01701000-01b1b000 rw-p 00000000 00:00 0 
08048000-08051000 r-xp 00000000 08:05 4333176    /usr/lib/jvm/java-6-openjdk/jre/bin/java
08051000-08052000 r--p 00008000 08:05 4333176    /usr/lib/jvm/java-6-openjdk/jre/bin/java
08052000-08053000 rw-p 00009000 08:05 4333176    /usr/lib/jvm/java-6-openjdk/jre/bin/java
08bed000-0b042000 rw-p 00000000 00:00 0          [heap]
8a500000-8a5f1000 rw-p 00000000 00:00 0 
8a5f1000-8a600000 ---p 00000000 00:00 0 
8a600000-8a6ff000 rw-p 00000000 00:00 0 
8a6ff000-8a700000 ---p 00000000 00:00 0 
8a800000-8a8fd000 rw-p 00000000 00:00 0 
8a8fd000-8a900000 ---p 00000000 00:00 0 
8a900000-8a9fa000 rw-p 00000000 00:00 0 
8a9fa000-8aa00000 ---p 00000000 00:00 0 
8aa00000-8aafd000 rw-p 00000000 00:00 0 
8aafd000-8ab00000 ---p 00000000 00:00 0 
8ab00000-8abf1000 rw-p 00000000 00:00 0 
8abf1000-8ac00000 ---p 00000000 00:00 0 
8ac00000-8ad00000 rw-p 00000000 00:00 0 
8ad00000-8adfa000 rw-p 00000000 00:00 0 
8adfa000-8ae00000 ---p 00000000 00:00 0 
8ae00000-8aefe000 rw-p 00000000 00:00 0 
8aefe000-8af00000 ---p 00000000 00:00 0 
8af00000-8aff8000 rw-p 00000000 00:00 0 
8aff8000-8b000000 ---p 00000000 00:00 0 
8b000000-8b0fa000 rw-p 00000000 00:00 0 
8b0fa000-8b100000 ---p 00000000 00:00 0 
8b100000-8b300000 rw-p 00000000 00:00 0 
8b300000-8b3fa000 rw-p 00000000 00:00 0 
8b3fa000-8b400000 ---p 00000000 00:00 0 
8b400000-8b4f5000 rw-p 00000000 00:00 0 
8b4f5000-8b500000 ---p 00000000 00:00 0 
8b55e000-8b561000 ---p 00000000 00:00 0 
8b561000-8b5af000 rw-p 00000000 00:00 0 
8b5af000-8b5b2000 ---p 00000000 00:00 0 
8b5b2000-8b600000 rw-p 00000000 00:00 0 
8b600000-8b6f9000 rw-p 00000000 00:00 0 
8b6f9000-8b700000 ---p 00000000 00:00 0 
8b700000-8b7fb000 rw-p 00000000 00:00 0 
8b7fb000-8b800000 ---p 00000000 00:00 0 
8b850000-8b853000 ---p 00000000 00:00 0 
8b853000-8b8a1000 rw-p 00000000 00:00 0 
8b8a1000-8b8a4000 r--s 00019000 08:05 5262243    /home/kilian/bin/Sencha/Cmd/3.0.0.250/lib/jarjar-1.1.jar
8b8a4000-8b8a7000 r--s 00006000 08:05 5262245    /home/kilian/bin/Sencha/Cmd/3.0.0.250/lib/jsr305-1.3.9.jar
8b8a7000-8b8a9000 r--s 0000a000 08:05 5262244    /home/kilian/bin/Sencha/Cmd/3.0.0.250/lib/json-20090211.jar
8b8a9000-8b8af000 r--s 00068000 08:05 5262345    /home/kilian/bin/Sencha/Cmd/3.0.0.250/lib/protobuf-java-2.4.1.jar
8b8af000-8b8cd000 r--s 00151000 08:05 5262342    /home/kilian/bin/Sencha/Cmd/3.0.0.250/lib/guava-10.0.1.jar
8b8cd000-8b8cf000 r--s 0000a000 08:05 5262241    /home/kilian/bin/Sencha/Cmd/3.0.0.250/lib/args4j-2.0.12.jar
8b8cf000-8b900000 r--s 00304000 08:05 5262344    /home/kilian/bin/Sencha/Cmd/3.0.0.250/lib/closure-compiler-r1918.jar
8b900000-8b9f9000 rw-p 00000000 00:00 0 
8b9f9000-8ba00000 ---p 00000000 00:00 0 
8ba0f000-8ba1c000 r--s 00107000 08:05 4333167    /usr/lib/jvm/java-6-openjdk/jre/lib/rhino.jar
8ba1c000-8ba23000 r--s 000fb000 08:05 4326001    /usr/lib/jvm/java-6-openjdk/jre/lib/resources.jar
8ba23000-8ba25000 r--s 0001a000 08:05 5262239    /home/kilian/bin/Sencha/Cmd/3.0.0.250/lib/jansi-1.9.jar
8ba25000-8ba29000 r--s 0002a000 08:05 5262240    /home/kilian/bin/Sencha/Cmd/3.0.0.250/lib/commons-io-2.4.jar
8ba29000-8ba34000 r--s 000a4000 08:05 5262343    /home/kilian/bin/Sencha/Cmd/3.0.0.250/lib/ant-1.5.jar
8ba34000-8ba39000 r--s 00032000 08:05 5262237    /home/kilian/bin/Sencha/Cmd/3.0.0.250/lib/ant-contrib-1.0b3.jar
8ba39000-8ba43000 r--s 000d0000 08:05 5262338    /home/kilian/bin/Sencha/Cmd/3.0.0.250/lib/yuicompressor-2.4.7.jar
8ba43000-8ba47000 r--s 0003c000 08:05 5262242    /home/kilian/bin/Sencha/Cmd/3.0.0.250/lib/commons-lang-2.4.jar
8ba47000-8ba55000 r--s 0007f000 08:05 5262339    /home/kilian/bin/Sencha/Cmd/3.0.0.250/lib/commons-collections-3.2.1.jar
8ba55000-8ba5d000 r--s 00066000 08:05 5262347    /home/kilian/bin/Sencha/Cmd/3.0.0.250/lib/velocity-1.7.jar
8ba5d000-8ba7b000 r--s 001bd000 08:05 5262340    /home/kilian/bin/Sencha/Cmd/3.0.0.250/lib/ant-1.8.4.jar
8ba7b000-8ba87000 r--s 00100000 08:05 5262341    /home/kilian/bin/Sencha/Cmd/3.0.0.250/lib/rhino-1.7R3.jar
8ba87000-8ba95000 r--s 00097000 08:05 5262337    /home/kilian/bin/Sencha/Cmd/3.0.0.250/sencha.jar
8ba95000-8ba96000 ---p 00000000 00:00 0 
8ba96000-8bb16000 rw-p 00000000 00:00 0 
8bb16000-8bb19000 ---p 00000000 00:00 0 
8bb19000-8bb67000 rw-p 00000000 00:00 0 
8bb67000-8bb6a000 ---p 00000000 00:00 0 
8bb6a000-8bbe8000 rw-p 00000000 00:00 0 
8bbe8000-8bbeb000 ---p 00000000 00:00 0 
8bbeb000-8bc69000 rw-p 00000000 00:00 0 
8bc69000-8be69000 r--p 00000000 08:05 4070996    /usr/lib/locale/locale-archive
8be69000-8be6c000 ---p 00000000 00:00 0 
8be6c000-8beba000 rw-p 00000000 00:00 0 
8beba000-8bebb000 ---p 00000000 00:00 0 
8bebb000-8bf6e000 rw-p 00000000 00:00 0 
8bf6e000-8c100000 r--s 037c2000 08:05 4333218    /usr/lib/jvm/java-6-openjdk/jre/lib/rt.jar
8c100000-8c1fc000 rw-p 00000000 00:00 0 
8c1fc000-8c200000 ---p 00000000 00:00 0 
8c200000-8c203000 ---p 00000000 00:00 0 
8c203000-8c251000 rw-p 00000000 00:00 0 
8c251000-8c254000 ---p 00000000 00:00 0 
8c254000-8c2a2000 rw-p 00000000 00:00 0 
8c2a2000-8c2a3000 ---p 00000000 00:00 0 
8c2a3000-8c323000 rw-p 00000000 00:00 0 
8c323000-8c324000 ---p 00000000 00:00 0 
8c324000-8c3b1000 rw-p 00000000 00:00 0 
8c3b1000-8c3e4000 rw-p 00000000 00:00 0 
8c3e4000-8c40f000 rw-p 00000000 00:00 0 
8c40f000-8c48f000 rw-p 00000000 00:00 0 
8c48f000-8c49c000 rw-p 00000000 00:00 0 
8c49c000-8c4cf000 rw-p 00000000 00:00 0 
8c4cf000-8c4fa000 rw-p 00000000 00:00 0 
8c4fa000-8c579000 rw-p 00000000 00:00 0 
8c579000-8c5cf000 rw-p 00000000 00:00 0 
8c5cf000-8ded0000 rw-p 00000000 00:00 0 
8ded0000-945d0000 rw-p 00000000 00:00 0 
945d0000-99b30000 rw-p 00000000 00:00 0 
99b30000-a9b30000 rw-p 00000000 00:00 0 
a9b30000-b45d0000 rw-p 00000000 00:00 0 
b45d2000-b45d7000 r--s 0002a000 08:05 5262238    /home/kilian/bin/Sencha/Cmd/3.0.0.250/lib/gson-2.2.1.jar
b45d7000-b45d9000 r--s 00001000 08:05 5262290    /home/kilian/bin/Sencha/Cmd/3.0.0.250/lib/slf4j-jdk14-1.6.6.jar
b45d9000-b45db000 r--s 00005000 08:05 5262289    /home/kilian/bin/Sencha/Cmd/3.0.0.250/lib/slf4j-api-1.6.6.jar
b45db000-b45e8000 rw-p 00000000 00:00 0 
b45e8000-b469b000 rw-p 00000000 00:00 0 
b469b000-b49d3000 rwxp 00000000 00:00 0 
b49d3000-b769b000 rw-p 00000000 00:00 0 
b769b000-b769e000 ---p 00000000 00:00 0 
b769e000-b76ef000 rw-p 00000000 00:00 0 
b76f0000-b76f1000 r--s 00004000 08:05 5262291    /home/kilian/bin/Sencha/Cmd/3.0.0.250/lib/ant-launcher-1.8.4.jar
b76f1000-b76f5000 r--s 0007d000 08:05 4333171    /usr/lib/jvm/java-6-openjdk/jre/lib/jsse.jar
b76f5000-b76f7000 r--s 0000f000 08:05 4333120    /usr/lib/jvm/java-6-openjdk/jre/lib/ext/pulse-java.jar
b76f7000-b76f8000 r--p 002a1000 08:05 4070996    /usr/lib/locale/locale-archive
b76f8000-b7700000 rw-s 00000000 08:05 1966135    /tmp/hsperfdata_kilian/21171
b7700000-b7701000 rw-p 00000000 00:00 0 
b7701000-b7702000 r--p 00000000 00:00 0 
b7702000-b7704000 rw-p 00000000 00:00 0 
bfb27000-bfb5c000 rw-p 00000000 00:00 0          [stack]

VM Arguments:
jvm_args: -Xms128m -Xmx512m 
java_command: /home/kilian/bin/Sencha/Cmd/3.0.0.250/sencha.jar app build production
Launcher Type: SUN_STANDARD

Environment Variables:
PATH=/home/kilian/bin/Sencha/Cmd/3.0.0.250:/home/kilian/bin/Sencha/Cmd/3.0.0.250:/home/kilian/bin:/usr/lib/lightdm/lightdm:/usr/local/sbin:/usr/local/bin:/usr/sbin:/usr/bin:/sbin:/bin:/usr/games
USERNAME=kilian
LD_LIBRARY_PATH=/usr/lib/jvm/java-6-openjdk/jre/lib/i386/server:/usr/lib/jvm/java-6-openjdk/jre/lib/i386:/usr/lib/jvm/java-6-openjdk/jre/../lib/i386
SHELL=/bin/bash
DISPLAY=:0.0

Signal Handlers:
SIGSEGV: [libjvm.so+0x66b840], sa_mask[0]=0x7ffbfeff, sa_flags=0x10000004
SIGBUS: [libjvm.so+0x66b840], sa_mask[0]=0x7ffbfeff, sa_flags=0x10000004
SIGFPE: [libjvm.so+0x52eb20], sa_mask[0]=0x7ffbfeff, sa_flags=0x10000004
SIGPIPE: [libjvm.so+0x52eb20], sa_mask[0]=0x7ffbfeff, sa_flags=0x10000004
SIGXFSZ: [libjvm.so+0x52eb20], sa_mask[0]=0x7ffbfeff, sa_flags=0x10000004
SIGILL: [libjvm.so+0x52eb20], sa_mask[0]=0x7ffbfeff, sa_flags=0x10000004
SIGUSR1: SIG_DFL, sa_mask[0]=0x00000000, sa_flags=0x00000000
SIGUSR2: [libjvm.so+0x52e9b0], sa_mask[0]=0x00000000, sa_flags=0x10000004
SIGHUP: [libjvm.so+0x531a50], sa_mask[0]=0x7ffbfeff, sa_flags=0x10000004
SIGINT: [libjvm.so+0x531a50], sa_mask[0]=0x7ffbfeff, sa_flags=0x10000004
SIGTERM: [libjvm.so+0x531a50], sa_mask[0]=0x7ffbfeff, sa_flags=0x10000004
SIGQUIT: [libjvm.so+0x531a50], sa_mask[0]=0x7ffbfeff, sa_flags=0x10000004


---------------  S Y S T E M  ---------------

OS:Ubuntu 11.10 (oneiric)
uname:Linux 3.0.0-30-generic #47-Ubuntu SMP Wed Jan 2 22:39:01 UTC 2013 i686
libc:glibc 2.13 NPTL 2.13 
rlimit: STACK 8192k, CORE 0k, NPROC 15990, NOFILE 4096, AS infinity
load average:2.03 1.69 1.47

/proc/meminfo:
MemTotal:        2060820 kB
MemFree:          133980 kB
Buffers:           46728 kB
Cached:           239812 kB
SwapCached:        27528 kB
Active:          1093992 kB
Inactive:         627896 kB
Active(anon):     954524 kB
Inactive(anon):   489780 kB
Active(file):     139468 kB
Inactive(file):   138116 kB
Unevictable:         352 kB
Mlocked:             352 kB
HighTotal:       1186376 kB
HighFree:          15072 kB
LowTotal:         874444 kB
LowFree:          118908 kB
SwapTotal:       1044476 kB
SwapFree:         901856 kB
Dirty:                88 kB
Writeback:             8 kB
AnonPages:       1409488 kB
Mapped:           100176 kB
Shmem:              8836 kB
Slab:              47480 kB
SReclaimable:      30580 kB
SUnreclaim:        16900 kB
KernelStack:        4320 kB
PageTables:        14604 kB
NFS_Unstable:          0 kB
Bounce:                0 kB
WritebackTmp:          0 kB
CommitLimit:     2074884 kB
Committed_AS:    4899364 kB
VmallocTotal:     122880 kB
VmallocUsed:       50156 kB
VmallocChunk:      59768 kB
HardwareCorrupted:     0 kB
AnonHugePages:         0 kB
HugePages_Total:       0
HugePages_Free:        0
HugePages_Rsvd:        0
HugePages_Surp:        0
Hugepagesize:       4096 kB
DirectMap4k:      245752 kB
DirectMap4M:      663552 kB


CPU:total 2 (2 cores per cpu, 1 threads per core) family 6 model 14 stepping 8, cmov, cx8, fxsr, mmx, sse, sse2, sse3

Memory: 4k page, physical 2060820k(133980k free), swap 1044476k(901856k free)

vm_info: OpenJDK Server VM (20.0-b12) for linux-x86 JRE (1.6.0_24-b24), built on Oct 24 2012 16:30:02 by "buildd" with gcc 4.6.1

time: Wed Feb  6 14:15:29 2013
elapsed time: 37 seconds

